  AsteroidsGroupGame.cpp
C:\Users\Jack Leacock\source\repos\AsteroidsGroupGame\entity.h(26,90): warning C4244: 'argument': conversion from 'T' to 'float', possible loss of data
          with
          [
              T=unsigned int
          ]
C:\Users\Jack Leacock\source\repos\AsteroidsGroupGame\entity.h(26,57): warning C4244: 'argument': conversion from 'T' to 'float', possible loss of data
          with
          [
              T=unsigned int
          ]
C:\Users\Jack Leacock\source\repos\AsteroidsGroupGame\entity.h(85,13): warning C4244: 'initializing': conversion from 'double' to 'float', possible loss of data
C:\Users\Jack Leacock\source\repos\AsteroidsGroupGame\entity.h(86,99): warning C4244: 'argument': conversion from 'double' to 'T', possible loss of data
          with
          [
              T=float
          ]
C:\Users\Jack Leacock\source\repos\AsteroidsGroupGame\entity.h(86,57): warning C4244: 'argument': conversion from 'double' to 'T', possible loss of data
          with
          [
              T=float
          ]
C:\Users\Jack Leacock\source\repos\AsteroidsGroupGame\player.h(21,37): warning C4244: '=': conversion from 'double' to 'T', possible loss of data
          with
          [
              T=float
          ]
C:\Users\Jack Leacock\source\repos\AsteroidsGroupGame\player.h(22,37): warning C4244: '=': conversion from 'double' to 'T', possible loss of data
          with
          [
              T=float
          ]
C:\Users\Jack Leacock\source\repos\AsteroidsGroupGame\asteroid.h(18,18): warning C4244: '=': conversion from 'float' to 'int', possible loss of data
C:\Users\Jack Leacock\source\repos\AsteroidsGroupGame\asteroid.h(40,90): warning C4244: 'argument': conversion from 'T' to 'float', possible loss of data
          with
          [
              T=unsigned int
          ]
C:\Users\Jack Leacock\source\repos\AsteroidsGroupGame\asteroid.h(40,57): warning C4244: 'argument': conversion from 'T' to 'float', possible loss of data
          with
          [
              T=unsigned int
          ]
C:\Users\Jack Leacock\source\repos\AsteroidsGroupGame\AsteroidsGroupGame.cpp(15,17): warning C4244: 'initializing': conversion from 'double' to 'float', possible loss of data
C:\Users\Jack Leacock\source\repos\AsteroidsGroupGame\AsteroidsGroupGame.cpp(134,31): warning C4018: '<': signed/unsigned mismatch
C:\Users\Jack Leacock\source\repos\AsteroidsGroupGame\AsteroidsGroupGame.cpp(137,54): warning C4244: 'argument': conversion from 'int' to 'T', possible loss of data
          with
          [
              T=float
          ]
C:\Users\Jack Leacock\source\repos\AsteroidsGroupGame\AsteroidsGroupGame.cpp(137,40): warning C4244: 'argument': conversion from 'int' to 'T', possible loss of data
          with
          [
              T=float
          ]
C:\Users\Jack Leacock\source\repos\AsteroidsGroupGame\AsteroidsGroupGame.cpp(142,67): warning C4244: 'argument': conversion from 'int' to 'T', possible loss of data
          with
          [
              T=float
          ]
C:\Users\Jack Leacock\source\repos\AsteroidsGroupGame\AsteroidsGroupGame.cpp(142,44): warning C4244: 'argument': conversion from 'int' to 'T', possible loss of data
          with
          [
              T=float
          ]
C:\Users\Jack Leacock\source\repos\AsteroidsGroupGame\AsteroidsGroupGame.cpp(143,47): warning C4244: 'argument': conversion from 'int' to 'float', possible loss of data
C:\Users\Jack Leacock\source\repos\AsteroidsGroupGame\AsteroidsGroupGame.cpp(155,22): warning C4018: '<': signed/unsigned mismatch
C:\Users\Jack Leacock\source\repos\AsteroidsGroupGame\AsteroidsGroupGame.cpp(168,22): warning C4018: '<': signed/unsigned mismatch
C:\Users\Jack Leacock\source\repos\AsteroidsGroupGame\AsteroidsGroupGame.cpp(176,22): warning C4018: '<': signed/unsigned mismatch
C:\Users\Jack Leacock\source\repos\AsteroidsGroupGame\AsteroidsGroupGame.cpp(178,23): warning C4018: '<': signed/unsigned mismatch
C:\Users\Jack Leacock\source\repos\AsteroidsGroupGame\AsteroidsGroupGame.cpp(192,22): warning C4018: '<': signed/unsigned mismatch
C:\Users\Jack Leacock\source\repos\AsteroidsGroupGame\AsteroidsGroupGame.cpp(200,24): warning C4018: '<': signed/unsigned mismatch
  AsteroidsGroupGame.vcxproj -> C:\Users\Jack Leacock\source\repos\AsteroidsGroupGame\Debug\AsteroidsGroupGame.exe
